<?xml version="1.0" encoding="UTF-8"?>
<testng-results ignored="0" total="14" passed="14" failed="0" skipped="0">
  <reporter-output>
  </reporter-output>
  <suite started-at="2024-05-16T07:02:42 IST" name="Suite" finished-at="2024-05-16T07:06:35 IST" duration-ms="232674">
    <groups>
    </groups>
    <test started-at="2024-05-16T07:02:42 IST" name="edgeTest" finished-at="2024-05-16T07:04:46 IST" duration-ms="124053">
      <class name="testCases.TC_006_Links">
        <test-method signature="checkingLinks()[pri:0, instance:testCases.TC_006_Links@7966baa7]" started-at="2024-05-16T07:03:25 IST" name="checkingLinks" finished-at="2024-05-16T07:04:35 IST" duration-ms="70001" status="PASS">
          <reporter-output>
          </reporter-output>
        </test-method> <!-- checkingLinks -->
      </class> <!-- testCases.TC_006_Links -->
      <class name="testCases.TC_004_EthicsAndCompliance">
        <test-method signature="validateShareOption()[pri:0, instance:testCases.TC_004_EthicsAndCompliance@53142455]" started-at="2024-05-16T07:03:15 IST" name="validateShareOption" finished-at="2024-05-16T07:03:17 IST" duration-ms="1537" status="PASS">
          <reporter-output>
          </reporter-output>
        </test-method> <!-- validateShareOption -->
      </class> <!-- testCases.TC_004_EthicsAndCompliance -->
      <class name="testCases.TC_007_PageInfo">
        <test-method signature="getTotalLikesAndViews()[pri:0, instance:testCases.TC_007_PageInfo@60975100]" started-at="2024-05-16T07:04:35 IST" name="getTotalLikesAndViews" finished-at="2024-05-16T07:04:35 IST" duration-ms="91" status="PASS">
          <reporter-output>
          </reporter-output>
        </test-method> <!-- getTotalLikesAndViews -->
      </class> <!-- testCases.TC_007_PageInfo -->
      <class name="testCases.TC_002_Header">
        <test-method signature="checkTitle()[pri:0, instance:testCases.TC_002_Header@2dd29a59]" started-at="2024-05-16T07:03:10 IST" name="checkTitle" finished-at="2024-05-16T07:03:10 IST" duration-ms="201" status="PASS">
          <reporter-output>
          </reporter-output>
        </test-method> <!-- checkTitle -->
      </class> <!-- testCases.TC_002_Header -->
      <class name="testCases.TC_005_PageTitle">
        <test-method signature="getNewsLetter()[pri:0, instance:testCases.TC_005_PageTitle@40dff0b7]" started-at="2024-05-16T07:03:17 IST" name="getNewsLetter" finished-at="2024-05-16T07:03:25 IST" duration-ms="8034" status="PASS">
          <reporter-output>
          </reporter-output>
        </test-method> <!-- getNewsLetter -->
      </class> <!-- testCases.TC_005_PageTitle -->
      <class name="testCases.TC_003_SubHeader">
        <test-method signature="validateAuthorInfoDisplay()[pri:0, instance:testCases.TC_003_SubHeader@784c3487]" started-at="2024-05-16T07:03:10 IST" name="validateAuthorInfoDisplay" finished-at="2024-05-16T07:03:15 IST" duration-ms="4835" status="PASS">
          <reporter-output>
          </reporter-output>
        </test-method> <!-- validateAuthorInfoDisplay -->
      </class> <!-- testCases.TC_003_SubHeader -->
      <class name="testCases.TC_001_UserInfoTest">
        <test-method is-config="true" signature="setUp(java.lang.String)[pri:0, instance:testCases.TC_001_UserInfoTest@fcb4004]" started-at="2024-05-16T07:02:43 IST" name="setUp" finished-at="2024-05-16T07:02:58 IST" duration-ms="15100" status="PASS">
          <params>
            <param index="0">
              <value>
                <![CDATA[edge]]>
              </value>
            </param>
          </params>
          <reporter-output>
          </reporter-output>
        </test-method> <!-- setUp -->
        <test-method signature="verifyUserInfoDisplay()[pri:0, instance:testCases.TC_001_UserInfoTest@fcb4004]" started-at="2024-05-16T07:02:58 IST" name="verifyUserInfoDisplay" finished-at="2024-05-16T07:03:10 IST" duration-ms="12293" status="PASS">
          <reporter-output>
          </reporter-output>
        </test-method> <!-- verifyUserInfoDisplay -->
        <test-method is-config="true" signature="tearDown()[pri:0, instance:testCases.TC_001_UserInfoTest@fcb4004]" started-at="2024-05-16T07:04:35 IST" name="tearDown" finished-at="2024-05-16T07:04:46 IST" duration-ms="11423" status="PASS">
          <reporter-output>
          </reporter-output>
        </test-method> <!-- tearDown -->
      </class> <!-- testCases.TC_001_UserInfoTest -->
    </test> <!-- edgeTest -->
    <test started-at="2024-05-16T07:04:47 IST" name="chromeTest" finished-at="2024-05-16T07:06:35 IST" duration-ms="107524">
      <class name="testCases.TC_006_Links">
        <test-method signature="checkingLinks()[pri:0, instance:testCases.TC_006_Links@5f7b97da]" started-at="2024-05-16T07:05:25 IST" name="checkingLinks" finished-at="2024-05-16T07:06:24 IST" duration-ms="58358" status="PASS">
          <reporter-output>
          </reporter-output>
        </test-method> <!-- checkingLinks -->
      </class> <!-- testCases.TC_006_Links -->
      <class name="testCases.TC_004_EthicsAndCompliance">
        <test-method signature="validateShareOption()[pri:0, instance:testCases.TC_004_EthicsAndCompliance@235a0c16]" started-at="2024-05-16T07:05:17 IST" name="validateShareOption" finished-at="2024-05-16T07:05:18 IST" duration-ms="1174" status="PASS">
          <reporter-output>
          </reporter-output>
        </test-method> <!-- validateShareOption -->
      </class> <!-- testCases.TC_004_EthicsAndCompliance -->
      <class name="testCases.TC_007_PageInfo">
        <test-method signature="getTotalLikesAndViews()[pri:0, instance:testCases.TC_007_PageInfo@18b0930f]" started-at="2024-05-16T07:06:24 IST" name="getTotalLikesAndViews" finished-at="2024-05-16T07:06:24 IST" duration-ms="41" status="PASS">
          <reporter-output>
          </reporter-output>
        </test-method> <!-- getTotalLikesAndViews -->
      </class> <!-- testCases.TC_007_PageInfo -->
      <class name="testCases.TC_002_Header">
        <test-method signature="checkTitle()[pri:0, instance:testCases.TC_002_Header@aafcffa]" started-at="2024-05-16T07:05:12 IST" name="checkTitle" finished-at="2024-05-16T07:05:12 IST" duration-ms="237" status="PASS">
          <reporter-output>
          </reporter-output>
        </test-method> <!-- checkTitle -->
      </class> <!-- testCases.TC_002_Header -->
      <class name="testCases.TC_005_PageTitle">
        <test-method signature="getNewsLetter()[pri:0, instance:testCases.TC_005_PageTitle@2b5f4d54]" started-at="2024-05-16T07:05:18 IST" name="getNewsLetter" finished-at="2024-05-16T07:05:25 IST" duration-ms="7580" status="PASS">
          <reporter-output>
          </reporter-output>
        </test-method> <!-- getNewsLetter -->
      </class> <!-- testCases.TC_005_PageTitle -->
      <class name="testCases.TC_003_SubHeader">
        <test-method signature="validateAuthorInfoDisplay()[pri:0, instance:testCases.TC_003_SubHeader@6955cb39]" started-at="2024-05-16T07:05:12 IST" name="validateAuthorInfoDisplay" finished-at="2024-05-16T07:05:17 IST" duration-ms="4328" status="PASS">
          <reporter-output>
          </reporter-output>
        </test-method> <!-- validateAuthorInfoDisplay -->
      </class> <!-- testCases.TC_003_SubHeader -->
      <class name="testCases.TC_001_UserInfoTest">
        <test-method is-config="true" signature="setUp(java.lang.String)[pri:0, instance:testCases.TC_001_UserInfoTest@5e8ac0e1]" started-at="2024-05-16T07:04:47 IST" name="setUp" finished-at="2024-05-16T07:05:00 IST" duration-ms="12137" status="PASS">
          <params>
            <param index="0">
              <value>
                <![CDATA[chrome]]>
              </value>
            </param>
          </params>
          <reporter-output>
          </reporter-output>
        </test-method> <!-- setUp -->
        <test-method signature="verifyUserInfoDisplay()[pri:0, instance:testCases.TC_001_UserInfoTest@5e8ac0e1]" started-at="2024-05-16T07:05:00 IST" name="verifyUserInfoDisplay" finished-at="2024-05-16T07:05:12 IST" duration-ms="12443" status="PASS">
          <reporter-output>
          </reporter-output>
        </test-method> <!-- verifyUserInfoDisplay -->
        <test-method is-config="true" signature="tearDown()[pri:0, instance:testCases.TC_001_UserInfoTest@5e8ac0e1]" started-at="2024-05-16T07:06:24 IST" name="tearDown" finished-at="2024-05-16T07:06:35 IST" duration-ms="11192" status="PASS">
          <reporter-output>
          </reporter-output>
        </test-method> <!-- tearDown -->
      </class> <!-- testCases.TC_001_UserInfoTest -->
    </test> <!-- chromeTest -->
  </suite> <!-- Suite -->
</testng-results>
